
AppPath: /Applications/PhpStorm.app
Config Path: /Users/bchatard/Library/Preferences/PhpStorm2016.3
Work with: /Users/bchatard/Library/Preferences/PhpStorm2016.3/options/recentProjectDirectories.xml
Raw Projects Path:
 value="$USER_HOME$/Projects/brice/jetbrains-alfred-workflow" value="$USER_HOME$/Projects/CB&amp;I" value="$USER_HOME$/Projects/Connexing/Dev/magento" value="$USER_HOME$/Projects/Diverti/Dev/magento2" value="$USER_HOME$/Projects/aYaline/Dev/acl-manager" value="$USER_HOME$/Projects/Sulky/Dev/magento" value="$USER_HOME$/Projects/aYaline/Dev/magento1-modules/customer-price" value="$USER_HOME$/Projects/Diverti/Dev/magento2_prod" value="$USER_HOME$/Projects/aYaline/Dev/magento2-modules/promotional-gift" value="$USER_HOME$/Projects/brice/angular2-tuts" value="$USER_HOME$/Projects/SNTL/Dev/magento" value="$USER_HOME$/Projects/aYaline/Dev/magento2-modules/copernica" value="$USER_HOME$/Projects/Monosem/Dev/magento" value="$USER_HOME$/Projects/Palais-des-Thes/Dev/magento" value="$USER_HOME$/Projects/Sabre/Dev/magento" value="$USER_HOME$/Projects/Diverti/Dev/magento" value="$USER_HOME$/Projects/GPDIS/Dev/magento" value="$USER_HOME$/Projects/Allbrary/Dev/magento" value="$USER_HOME$/Downloads/aYaline/Oro_Api-1.2.8.0" value="$USER_HOME$/Projects/aYaline/Dev/demo/orocrm" value="$USER_HOME$/Projects/Tourisme/Royan/Dev/otr" value="$USER_HOME$/Projects/brice/brew-update" value="$USER_HOME$/Projects/aYaline/Dev/gitlab-mantis" value="$USER_HOME$/Projects/Denis-Materiaux/Dev/magento" value="$USER_HOME$/Projects/aYaline/Dev/magento1-modules/billboard" value="$USER_HOME$/Projects/aYaline/Dev/magento2-modules/billboard" value="$USER_HOME$/Projects/Diverti/Dev/magento2_merge" value="$USER_HOME$/Projects/aYaline/Dev/magento1-modules/manage-background" value="$USER_HOME$/Projects/Tourisme/CAD22/Dev/cdt22" value="$USER_HOME$/Projects/ProtectHomS/Dev/magento" value="$USER_HOME$/Projects/Tourisme/LSDO/Dev/lsdo" value="$USER_HOME$/Projects/aYaline/Dev/magento1-modules/attached-documents" value="$USER_HOME$/Projects/Tourisme/CAD22TV/Dev/cad22tv" value="$USER_HOME$/Projects/aYaline/Dev/Sources/Magento1/1610" value="$USER_HOME$/Projects/aYaline/Dev/magento1-modules/delivery-date" value="$USER_HOME$/Projects/aYaline/Dev/Modules/max-amount" value="$USER_HOME$/Projects/Conectic-Plus/Dev/magento" value="$USER_HOME$/Projects/brice/fork/module-shipping-free" value="$USER_HOME$/Projects/aYaline/Dev/magento2-modules/manage-background" value="$USER_HOME$/Projects/aYaline/Dev/magento2-modules/admin-as-customer" value="$USER_HOME$/Projects/brice/fork/magento2/magento2" value="$USER_HOME$/Projects/aYaline/Dev/aiorp" value="$USER_HOME$/Projects/Allbrary/Dev/imageresizer" value="$USER_HOME$/Projects/GSA/Dev/magento" value="$USER_HOME$/Projects/brice/phpstorm-alfred-workflow" value="/private/var/folders/c4/4x3sq2rx5wb2mn_fh5fzsjyc0000gn/T/update_files_permissions.sh" value="$USER_HOME$/Projects/aYaline/Dev/magento2-modules/delivery-date" value="$USER_HOME$/Projects/Sabre/Dev/poc-app-mobile" value="$USER_HOME$/Projects/aYaline/Dev/magento2-modules/core" value="$USER_HOME$/Projects/aYaline/Dev/shop_v1"
Projects Path:
/Users/bchatard/Projects/brice/jetbrains-alfred-workflow
/Users/bchatard/Projects/CB&amp;I
/Users/bchatard/Projects/Connexing/Dev/magento
/Users/bchatard/Projects/Diverti/Dev/magento2
/Users/bchatard/Projects/aYaline/Dev/acl-manager
/Users/bchatard/Projects/Sulky/Dev/magento
/Users/bchatard/Projects/aYaline/Dev/magento1-modules/customer-price
/Users/bchatard/Projects/Diverti/Dev/magento2_prod
/Users/bchatard/Projects/aYaline/Dev/magento2-modules/promotional-gift
/Users/bchatard/Projects/brice/angular2-tuts
/Users/bchatard/Projects/SNTL/Dev/magento
/Users/bchatard/Projects/aYaline/Dev/magento2-modules/copernica
/Users/bchatard/Projects/Monosem/Dev/magento
/Users/bchatard/Projects/Palais-des-Thes/Dev/magento
/Users/bchatard/Projects/Sabre/Dev/magento
/Users/bchatard/Projects/Diverti/Dev/magento
/Users/bchatard/Projects/GPDIS/Dev/magento
/Users/bchatard/Projects/Allbrary/Dev/magento
/Users/bchatard/Downloads/aYaline/Oro_Api-1.2.8.0
/Users/bchatard/Projects/aYaline/Dev/demo/orocrm
/Users/bchatard/Projects/Tourisme/Royan/Dev/otr
/Users/bchatard/Projects/brice/brew-update
/Users/bchatard/Projects/aYaline/Dev/gitlab-mantis
/Users/bchatard/Projects/Denis-Materiaux/Dev/magento
/Users/bchatard/Projects/aYaline/Dev/magento1-modules/billboard
/Users/bchatard/Projects/aYaline/Dev/magento2-modules/billboard
/Users/bchatard/Projects/Diverti/Dev/magento2_merge
/Users/bchatard/Projects/aYaline/Dev/magento1-modules/manage-background
/Users/bchatard/Projects/Tourisme/CAD22/Dev/cdt22
/Users/bchatard/Projects/ProtectHomS/Dev/magento
/Users/bchatard/Projects/Tourisme/LSDO/Dev/lsdo
/Users/bchatard/Projects/aYaline/Dev/magento1-modules/attached-documents
/Users/bchatard/Projects/Tourisme/CAD22TV/Dev/cad22tv
/Users/bchatard/Projects/aYaline/Dev/Sources/Magento1/1610
/Users/bchatard/Projects/aYaline/Dev/magento1-modules/delivery-date
/Users/bchatard/Projects/aYaline/Dev/Modules/max-amount
/Users/bchatard/Projects/Conectic-Plus/Dev/magento
/Users/bchatard/Projects/brice/fork/module-shipping-free
/Users/bchatard/Projects/aYaline/Dev/magento2-modules/manage-background
/Users/bchatard/Projects/aYaline/Dev/magento2-modules/admin-as-customer
/Users/bchatard/Projects/brice/fork/magento2/magento2
/Users/bchatard/Projects/aYaline/Dev/aiorp
/Users/bchatard/Projects/Allbrary/Dev/imageresizer
/Users/bchatard/Projects/GSA/Dev/magento
/Users/bchatard/Projects/brice/phpstorm-alfred-workflow
/private/var/folders/c4/4x3sq2rx5wb2mn_fh5fzsjyc0000gn/T/update_files_permissions.sh
/Users/bchatard/Projects/aYaline/Dev/magento2-modules/delivery-date
/Users/bchatard/Projects/Sabre/Dev/poc-app-mobile
/Users/bchatard/Projects/aYaline/Dev/magento2-modules/core
/Users/bchatard/Projects/aYaline/Dev/shop_v1

	Process /Users/bchatard/Projects/brice/jetbrains-alfred-workflow
extractProjectName via .name
	 Project Name jetbrains-alfred-workflow

	Process /Users/bchatard/Projects/CB&amp;I
	 Project Name 

	Process /Users/bchatard/Projects/Connexing/Dev/magento
extractProjectName via .name
	 Project Name Connexing - Magento

	Process /Users/bchatard/Projects/Diverti/Dev/magento2
extractProjectName via .name
	 Project Name Diverti - Magento 2

	Process /Users/bchatard/Projects/aYaline/Dev/acl-manager
extractProjectName via workspace.xml
	 Project Name acl-manager

	Process /Users/bchatard/Projects/Sulky/Dev/magento
extractProjectName via .name
	 Project Name Sulky - Magento 2

	Process /Users/bchatard/Projects/aYaline/Dev/magento1-modules/customer-price
extractProjectName via .name
	 Project Name aYaline - Capi - Customer Price

	Process /Users/bchatard/Projects/Diverti/Dev/magento2_prod
extractProjectName via workspace.xml
	 Project Name magento2_prod

	Process /Users/bchatard/Projects/aYaline/Dev/magento2-modules/promotional-gift
extractProjectName via .name
	 Project Name aYaline Capi Magento 2 - Promotional Gift

	Process /Users/bchatard/Projects/brice/angular2-tuts
extractProjectName via workspace.xml
	 Project Name angular2-tuts

	Process /Users/bchatard/Projects/SNTL/Dev/magento
extractProjectName via .name
	 Project Name sntl_poc

	Process /Users/bchatard/Projects/aYaline/Dev/magento2-modules/copernica
extractProjectName via .name
	 Project Name aYaline Capi Magento 2 - Copernica

	Process /Users/bchatard/Projects/Monosem/Dev/magento
extractProjectName via .name
	 Project Name Monosem - Magento

	Process /Users/bchatard/Projects/Palais-des-Thes/Dev/magento
extractProjectName via .name
	 Project Name Palais des Thés - Magento

	Process /Users/bchatard/Projects/Sabre/Dev/magento
extractProjectName via .name
	 Project Name Sabre - Magento

	Process /Users/bchatard/Projects/Diverti/Dev/magento
extractProjectName via .name
	 Project Name Diverti - Magento

	Process /Users/bchatard/Projects/GPDIS/Dev/magento
extractProjectName via .name
	 Project Name GPDIS - Magento

	Process /Users/bchatard/Projects/Allbrary/Dev/magento
	 Project Name 

	Process /Users/bchatard/Downloads/aYaline/Oro_Api-1.2.8.0
	 Project Name 

	Process /Users/bchatard/Projects/aYaline/Dev/demo/orocrm
extractProjectName via workspace.xml
	 Project Name orocrm

	Process /Users/bchatard/Projects/Tourisme/Royan/Dev/otr
extractProjectName via workspace.xml
	 Project Name otr

	Process /Users/bchatard/Projects/brice/brew-update
extractProjectName via .name
	 Project Name brew-update

	Process /Users/bchatard/Projects/aYaline/Dev/gitlab-mantis
extractProjectName via .name
	 Project Name Gitlab / Mantis Connector

	Process /Users/bchatard/Projects/Denis-Materiaux/Dev/magento
extractProjectName via .name
	 Project Name Denis Matériaux - Magento

	Process /Users/bchatard/Projects/aYaline/Dev/magento1-modules/billboard
extractProjectName via .name
	 Project Name aYaline - Capi - Billboard

	Process /Users/bchatard/Projects/aYaline/Dev/magento2-modules/billboard
extractProjectName via .name
	 Project Name aYaline Capi Magento 2 - Billboard

	Process /Users/bchatard/Projects/Diverti/Dev/magento2_merge
extractProjectName via .name
	 Project Name Diverti - Magento2 Merge

	Process /Users/bchatard/Projects/aYaline/Dev/magento1-modules/manage-background
extractProjectName via .name
	 Project Name aYaline - Capi - Manage Background

	Process /Users/bchatard/Projects/Tourisme/CAD22/Dev/cdt22
extractProjectName via workspace.xml
	 Project Name cdt22

	Process /Users/bchatard/Projects/ProtectHomS/Dev/magento
extractProjectName via .name
	 Project Name Protect'HomS - Magento

	Process /Users/bchatard/Projects/Tourisme/LSDO/Dev/lsdo
extractProjectName via workspace.xml
	 Project Name lsdo

	Process /Users/bchatard/Projects/aYaline/Dev/magento1-modules/attached-documents
extractProjectName via .name
	 Project Name aYaline - Capi - Attached Documents

	Process /Users/bchatard/Projects/Tourisme/CAD22TV/Dev/cad22tv
extractProjectName via workspace.xml
	 Project Name cad22tv

	Process /Users/bchatard/Projects/aYaline/Dev/Sources/Magento1/1610
	 Project Name 

	Process /Users/bchatard/Projects/aYaline/Dev/magento1-modules/delivery-date
extractProjectName via .name
	 Project Name aYaline - Capi - Delivery Date

	Process /Users/bchatard/Projects/aYaline/Dev/Modules/max-amount
	 Project Name 

	Process /Users/bchatard/Projects/Conectic-Plus/Dev/magento
extractProjectName via .name
	 Project Name Conectic-Plus - Magento

	Process /Users/bchatard/Projects/brice/fork/module-shipping-free
extractProjectName via workspace.xml
	 Project Name module-shipping-free

	Process /Users/bchatard/Projects/aYaline/Dev/magento2-modules/manage-background
extractProjectName via .name
	 Project Name aYaline Capi Magento 2 - Manage Background

	Process /Users/bchatard/Projects/aYaline/Dev/magento2-modules/admin-as-customer
extractProjectName via .name
	 Project Name aYaline Capi Magento 2 - Admin as Customer

	Process /Users/bchatard/Projects/brice/fork/magento2/magento2
extractProjectName via .name
	 Project Name Contrib - Magento2

	Process /Users/bchatard/Projects/aYaline/Dev/aiorp
extractProjectName via .name
	 Project Name aYaline - AIORP

	Process /Users/bchatard/Projects/Allbrary/Dev/imageresizer
	 Project Name 

	Process /Users/bchatard/Projects/GSA/Dev/magento
extractProjectName via .name
	 Project Name GSA - Magento

	Process /Users/bchatard/Projects/brice/phpstorm-alfred-workflow
extractProjectName via .name
	 Project Name phpstorm-alfred-workflow

	Process /private/var/folders/c4/4x3sq2rx5wb2mn_fh5fzsjyc0000gn/T/update_files_permissions.sh
	 Project Name 

	Process /Users/bchatard/Projects/aYaline/Dev/magento2-modules/delivery-date
extractProjectName via .name
	 Project Name aYaline Capi Magento 2 - Delivery Date

	Process /Users/bchatard/Projects/Sabre/Dev/poc-app-mobile
extractProjectName via workspace.xml
	 Project Name poc-app-mobile

	Process /Users/bchatard/Projects/aYaline/Dev/magento2-modules/core
extractProjectName via .name
	 Project Name aYaline Capi Magento 2 - Core

	Process /Users/bchatard/Projects/aYaline/Dev/shop_v1
extractProjectName via workspace.xml
	 Project Name shop_v1

AppPath: /Applications/PhpStorm.app
Config Path: /Users/bchatard/Library/Preferences/PhpStorm2016.3
Work with: /Users/bchatard/Library/Preferences/PhpStorm2016.3/options/recentProjectDirectories.xml
Raw Projects Path:
 value="$USER_HOME$/Projects/brice/jetbrains-alfred-workflow" value="$USER_HOME$/Projects/CB&amp;I" value="$USER_HOME$/Projects/Connexing/Dev/magento" value="$USER_HOME$/Projects/Diverti/Dev/magento2" value="$USER_HOME$/Projects/aYaline/Dev/acl-manager" value="$USER_HOME$/Projects/Sulky/Dev/magento" value="$USER_HOME$/Projects/aYaline/Dev/magento1-modules/customer-price" value="$USER_HOME$/Projects/Diverti/Dev/magento2_prod" value="$USER_HOME$/Projects/aYaline/Dev/magento2-modules/promotional-gift" value="$USER_HOME$/Projects/brice/angular2-tuts" value="$USER_HOME$/Projects/SNTL/Dev/magento" value="$USER_HOME$/Projects/aYaline/Dev/magento2-modules/copernica" value="$USER_HOME$/Projects/Monosem/Dev/magento" value="$USER_HOME$/Projects/Palais-des-Thes/Dev/magento" value="$USER_HOME$/Projects/Sabre/Dev/magento" value="$USER_HOME$/Projects/Diverti/Dev/magento" value="$USER_HOME$/Projects/GPDIS/Dev/magento" value="$USER_HOME$/Projects/Allbrary/Dev/magento" value="$USER_HOME$/Downloads/aYaline/Oro_Api-1.2.8.0" value="$USER_HOME$/Projects/aYaline/Dev/demo/orocrm" value="$USER_HOME$/Projects/Tourisme/Royan/Dev/otr" value="$USER_HOME$/Projects/brice/brew-update" value="$USER_HOME$/Projects/aYaline/Dev/gitlab-mantis" value="$USER_HOME$/Projects/Denis-Materiaux/Dev/magento" value="$USER_HOME$/Projects/aYaline/Dev/magento1-modules/billboard" value="$USER_HOME$/Projects/aYaline/Dev/magento2-modules/billboard" value="$USER_HOME$/Projects/Diverti/Dev/magento2_merge" value="$USER_HOME$/Projects/aYaline/Dev/magento1-modules/manage-background" value="$USER_HOME$/Projects/Tourisme/CAD22/Dev/cdt22" value="$USER_HOME$/Projects/ProtectHomS/Dev/magento" value="$USER_HOME$/Projects/Tourisme/LSDO/Dev/lsdo" value="$USER_HOME$/Projects/aYaline/Dev/magento1-modules/attached-documents" value="$USER_HOME$/Projects/Tourisme/CAD22TV/Dev/cad22tv" value="$USER_HOME$/Projects/aYaline/Dev/Sources/Magento1/1610" value="$USER_HOME$/Projects/aYaline/Dev/magento1-modules/delivery-date" value="$USER_HOME$/Projects/aYaline/Dev/Modules/max-amount" value="$USER_HOME$/Projects/Conectic-Plus/Dev/magento" value="$USER_HOME$/Projects/brice/fork/module-shipping-free" value="$USER_HOME$/Projects/aYaline/Dev/magento2-modules/manage-background" value="$USER_HOME$/Projects/aYaline/Dev/magento2-modules/admin-as-customer" value="$USER_HOME$/Projects/brice/fork/magento2/magento2" value="$USER_HOME$/Projects/aYaline/Dev/aiorp" value="$USER_HOME$/Projects/Allbrary/Dev/imageresizer" value="$USER_HOME$/Projects/GSA/Dev/magento" value="$USER_HOME$/Projects/brice/phpstorm-alfred-workflow" value="/private/var/folders/c4/4x3sq2rx5wb2mn_fh5fzsjyc0000gn/T/update_files_permissions.sh" value="$USER_HOME$/Projects/aYaline/Dev/magento2-modules/delivery-date" value="$USER_HOME$/Projects/Sabre/Dev/poc-app-mobile" value="$USER_HOME$/Projects/aYaline/Dev/magento2-modules/core" value="$USER_HOME$/Projects/aYaline/Dev/shop_v1"
Projects Path:
/Users/bchatard/Projects/brice/jetbrains-alfred-workflow
/Users/bchatard/Projects/CB&amp;I
/Users/bchatard/Projects/Connexing/Dev/magento
/Users/bchatard/Projects/Diverti/Dev/magento2
/Users/bchatard/Projects/aYaline/Dev/acl-manager
/Users/bchatard/Projects/Sulky/Dev/magento
/Users/bchatard/Projects/aYaline/Dev/magento1-modules/customer-price
/Users/bchatard/Projects/Diverti/Dev/magento2_prod
/Users/bchatard/Projects/aYaline/Dev/magento2-modules/promotional-gift
/Users/bchatard/Projects/brice/angular2-tuts
/Users/bchatard/Projects/SNTL/Dev/magento
/Users/bchatard/Projects/aYaline/Dev/magento2-modules/copernica
/Users/bchatard/Projects/Monosem/Dev/magento
/Users/bchatard/Projects/Palais-des-Thes/Dev/magento
/Users/bchatard/Projects/Sabre/Dev/magento
/Users/bchatard/Projects/Diverti/Dev/magento
/Users/bchatard/Projects/GPDIS/Dev/magento
/Users/bchatard/Projects/Allbrary/Dev/magento
/Users/bchatard/Downloads/aYaline/Oro_Api-1.2.8.0
/Users/bchatard/Projects/aYaline/Dev/demo/orocrm
/Users/bchatard/Projects/Tourisme/Royan/Dev/otr
/Users/bchatard/Projects/brice/brew-update
/Users/bchatard/Projects/aYaline/Dev/gitlab-mantis
/Users/bchatard/Projects/Denis-Materiaux/Dev/magento
/Users/bchatard/Projects/aYaline/Dev/magento1-modules/billboard
/Users/bchatard/Projects/aYaline/Dev/magento2-modules/billboard
/Users/bchatard/Projects/Diverti/Dev/magento2_merge
/Users/bchatard/Projects/aYaline/Dev/magento1-modules/manage-background
/Users/bchatard/Projects/Tourisme/CAD22/Dev/cdt22
/Users/bchatard/Projects/ProtectHomS/Dev/magento
/Users/bchatard/Projects/Tourisme/LSDO/Dev/lsdo
/Users/bchatard/Projects/aYaline/Dev/magento1-modules/attached-documents
/Users/bchatard/Projects/Tourisme/CAD22TV/Dev/cad22tv
/Users/bchatard/Projects/aYaline/Dev/Sources/Magento1/1610
/Users/bchatard/Projects/aYaline/Dev/magento1-modules/delivery-date
/Users/bchatard/Projects/aYaline/Dev/Modules/max-amount
/Users/bchatard/Projects/Conectic-Plus/Dev/magento
/Users/bchatard/Projects/brice/fork/module-shipping-free
/Users/bchatard/Projects/aYaline/Dev/magento2-modules/manage-background
/Users/bchatard/Projects/aYaline/Dev/magento2-modules/admin-as-customer
/Users/bchatard/Projects/brice/fork/magento2/magento2
/Users/bchatard/Projects/aYaline/Dev/aiorp
/Users/bchatard/Projects/Allbrary/Dev/imageresizer
/Users/bchatard/Projects/GSA/Dev/magento
/Users/bchatard/Projects/brice/phpstorm-alfred-workflow
/private/var/folders/c4/4x3sq2rx5wb2mn_fh5fzsjyc0000gn/T/update_files_permissions.sh
/Users/bchatard/Projects/aYaline/Dev/magento2-modules/delivery-date
/Users/bchatard/Projects/Sabre/Dev/poc-app-mobile
/Users/bchatard/Projects/aYaline/Dev/magento2-modules/core
/Users/bchatard/Projects/aYaline/Dev/shop_v1

	Process /Users/bchatard/Projects/brice/jetbrains-alfred-workflow
extractProjectName via .name
	 Project Name jetbrains-alfred-workflow
	  Search 'cb' in 'jetbrains-alfred-workflow' OR 'jetbrains-alfred-workflow'

	Process /Users/bchatard/Projects/CB&amp;I
	 Project Name 

	Process /Users/bchatard/Projects/Connexing/Dev/magento
extractProjectName via .name
	 Project Name Connexing - Magento
	  Search 'cb' in 'connexing - magento' OR 'magento'

	Process /Users/bchatard/Projects/Diverti/Dev/magento2
extractProjectName via .name
	 Project Name Diverti - Magento 2
	  Search 'cb' in 'diverti - magento 2' OR 'magento2'

	Process /Users/bchatard/Projects/aYaline/Dev/acl-manager
extractProjectName via workspace.xml
	 Project Name acl-manager
	  Search 'cb' in 'acl-manager' OR 'acl-manager'

	Process /Users/bchatard/Projects/Sulky/Dev/magento
extractProjectName via .name
	 Project Name Sulky - Magento 2
	  Search 'cb' in 'sulky - magento 2' OR 'magento'

	Process /Users/bchatard/Projects/aYaline/Dev/magento1-modules/customer-price
extractProjectName via .name
	 Project Name aYaline - Capi - Customer Price
	  Search 'cb' in 'ayaline - capi - customer price' OR 'customer-price'

	Process /Users/bchatard/Projects/Diverti/Dev/magento2_prod
extractProjectName via workspace.xml
	 Project Name magento2_prod
	  Search 'cb' in 'magento2_prod' OR 'magento2_prod'

	Process /Users/bchatard/Projects/aYaline/Dev/magento2-modules/promotional-gift
extractProjectName via .name
	 Project Name aYaline Capi Magento 2 - Promotional Gift
	  Search 'cb' in 'ayaline capi magento 2 - promotional gift' OR 'promotional-gift'

	Process /Users/bchatard/Projects/brice/angular2-tuts
extractProjectName via workspace.xml
	 Project Name angular2-tuts
	  Search 'cb' in 'angular2-tuts' OR 'angular2-tuts'

	Process /Users/bchatard/Projects/SNTL/Dev/magento
extractProjectName via .name
	 Project Name sntl_poc
	  Search 'cb' in 'sntl_poc' OR 'magento'

	Process /Users/bchatard/Projects/aYaline/Dev/magento2-modules/copernica
extractProjectName via .name
	 Project Name aYaline Capi Magento 2 - Copernica
	  Search 'cb' in 'ayaline capi magento 2 - copernica' OR 'copernica'

	Process /Users/bchatard/Projects/Monosem/Dev/magento
extractProjectName via .name
	 Project Name Monosem - Magento
	  Search 'cb' in 'monosem - magento' OR 'magento'

	Process /Users/bchatard/Projects/Palais-des-Thes/Dev/magento
extractProjectName via .name
	 Project Name Palais des Thés - Magento
	  Search 'cb' in 'palais des thés - magento' OR 'magento'

	Process /Users/bchatard/Projects/Sabre/Dev/magento
extractProjectName via .name
	 Project Name Sabre - Magento
	  Search 'cb' in 'sabre - magento' OR 'magento'

	Process /Users/bchatard/Projects/Diverti/Dev/magento
extractProjectName via .name
	 Project Name Diverti - Magento
	  Search 'cb' in 'diverti - magento' OR 'magento'

	Process /Users/bchatard/Projects/GPDIS/Dev/magento
extractProjectName via .name
	 Project Name GPDIS - Magento
	  Search 'cb' in 'gpdis - magento' OR 'magento'

	Process /Users/bchatard/Projects/Allbrary/Dev/magento
	 Project Name 

	Process /Users/bchatard/Downloads/aYaline/Oro_Api-1.2.8.0
	 Project Name 

	Process /Users/bchatard/Projects/aYaline/Dev/demo/orocrm
extractProjectName via workspace.xml
	 Project Name orocrm
	  Search 'cb' in 'orocrm' OR 'orocrm'

	Process /Users/bchatard/Projects/Tourisme/Royan/Dev/otr
extractProjectName via workspace.xml
	 Project Name otr
	  Search 'cb' in 'otr' OR 'otr'

	Process /Users/bchatard/Projects/brice/brew-update
extractProjectName via .name
	 Project Name brew-update
	  Search 'cb' in 'brew-update' OR 'brew-update'

	Process /Users/bchatard/Projects/aYaline/Dev/gitlab-mantis
extractProjectName via .name
	 Project Name Gitlab / Mantis Connector
	  Search 'cb' in 'gitlab / mantis connector' OR 'gitlab-mantis'

	Process /Users/bchatard/Projects/Denis-Materiaux/Dev/magento
extractProjectName via .name
	 Project Name Denis Matériaux - Magento
	  Search 'cb' in 'denis matériaux - magento' OR 'magento'

	Process /Users/bchatard/Projects/aYaline/Dev/magento1-modules/billboard
extractProjectName via .name
	 Project Name aYaline - Capi - Billboard
	  Search 'cb' in 'ayaline - capi - billboard' OR 'billboard'

	Process /Users/bchatard/Projects/aYaline/Dev/magento2-modules/billboard
extractProjectName via .name
	 Project Name aYaline Capi Magento 2 - Billboard
	  Search 'cb' in 'ayaline capi magento 2 - billboard' OR 'billboard'

	Process /Users/bchatard/Projects/Diverti/Dev/magento2_merge
extractProjectName via .name
	 Project Name Diverti - Magento2 Merge
	  Search 'cb' in 'diverti - magento2 merge' OR 'magento2_merge'

	Process /Users/bchatard/Projects/aYaline/Dev/magento1-modules/manage-background
extractProjectName via .name
	 Project Name aYaline - Capi - Manage Background
	  Search 'cb' in 'ayaline - capi - manage background' OR 'manage-background'

	Process /Users/bchatard/Projects/Tourisme/CAD22/Dev/cdt22
extractProjectName via workspace.xml
	 Project Name cdt22
	  Search 'cb' in 'cdt22' OR 'cdt22'

	Process /Users/bchatard/Projects/ProtectHomS/Dev/magento
extractProjectName via .name
	 Project Name Protect'HomS - Magento
	  Search 'cb' in 'protect'homs - magento' OR 'magento'

	Process /Users/bchatard/Projects/Tourisme/LSDO/Dev/lsdo
extractProjectName via workspace.xml
	 Project Name lsdo
	  Search 'cb' in 'lsdo' OR 'lsdo'

	Process /Users/bchatard/Projects/aYaline/Dev/magento1-modules/attached-documents
extractProjectName via .name
	 Project Name aYaline - Capi - Attached Documents
	  Search 'cb' in 'ayaline - capi - attached documents' OR 'attached-documents'

	Process /Users/bchatard/Projects/Tourisme/CAD22TV/Dev/cad22tv
extractProjectName via workspace.xml
	 Project Name cad22tv
	  Search 'cb' in 'cad22tv' OR 'cad22tv'

	Process /Users/bchatard/Projects/aYaline/Dev/Sources/Magento1/1610
	 Project Name 

	Process /Users/bchatard/Projects/aYaline/Dev/magento1-modules/delivery-date
extractProjectName via .name
	 Project Name aYaline - Capi - Delivery Date
	  Search 'cb' in 'ayaline - capi - delivery date' OR 'delivery-date'

	Process /Users/bchatard/Projects/aYaline/Dev/Modules/max-amount
	 Project Name 

	Process /Users/bchatard/Projects/Conectic-Plus/Dev/magento
extractProjectName via .name
	 Project Name Conectic-Plus - Magento
	  Search 'cb' in 'conectic-plus - magento' OR 'magento'

	Process /Users/bchatard/Projects/brice/fork/module-shipping-free
extractProjectName via workspace.xml
	 Project Name module-shipping-free
	  Search 'cb' in 'module-shipping-free' OR 'module-shipping-free'

	Process /Users/bchatard/Projects/aYaline/Dev/magento2-modules/manage-background
extractProjectName via .name
	 Project Name aYaline Capi Magento 2 - Manage Background
	  Search 'cb' in 'ayaline capi magento 2 - manage background' OR 'manage-background'

	Process /Users/bchatard/Projects/aYaline/Dev/magento2-modules/admin-as-customer
extractProjectName via .name
	 Project Name aYaline Capi Magento 2 - Admin as Customer
	  Search 'cb' in 'ayaline capi magento 2 - admin as customer' OR 'admin-as-customer'

	Process /Users/bchatard/Projects/brice/fork/magento2/magento2
extractProjectName via .name
	 Project Name Contrib - Magento2
	  Search 'cb' in 'contrib - magento2' OR 'magento2'

	Process /Users/bchatard/Projects/aYaline/Dev/aiorp
extractProjectName via .name
	 Project Name aYaline - AIORP
	  Search 'cb' in 'ayaline - aiorp' OR 'aiorp'

	Process /Users/bchatard/Projects/Allbrary/Dev/imageresizer
	 Project Name 

	Process /Users/bchatard/Projects/GSA/Dev/magento
extractProjectName via .name
	 Project Name GSA - Magento
	  Search 'cb' in 'gsa - magento' OR 'magento'

	Process /Users/bchatard/Projects/brice/phpstorm-alfred-workflow
extractProjectName via .name
	 Project Name phpstorm-alfred-workflow
	  Search 'cb' in 'phpstorm-alfred-workflow' OR 'phpstorm-alfred-workflow'

	Process /private/var/folders/c4/4x3sq2rx5wb2mn_fh5fzsjyc0000gn/T/update_files_permissions.sh
	 Project Name 

	Process /Users/bchatard/Projects/aYaline/Dev/magento2-modules/delivery-date
extractProjectName via .name
	 Project Name aYaline Capi Magento 2 - Delivery Date
	  Search 'cb' in 'ayaline capi magento 2 - delivery date' OR 'delivery-date'

	Process /Users/bchatard/Projects/Sabre/Dev/poc-app-mobile
extractProjectName via workspace.xml
	 Project Name poc-app-mobile
	  Search 'cb' in 'poc-app-mobile' OR 'poc-app-mobile'

	Process /Users/bchatard/Projects/aYaline/Dev/magento2-modules/core
extractProjectName via .name
	 Project Name aYaline Capi Magento 2 - Core
	  Search 'cb' in 'ayaline capi magento 2 - core' OR 'core'

	Process /Users/bchatard/Projects/aYaline/Dev/shop_v1
extractProjectName via workspace.xml
	 Project Name shop_v1
	  Search 'cb' in 'shop_v1' OR 'shop_v1'

