
AppPath: /Users/bchatard/Library/Application Support/JetBrains/Toolbox/apps/Gogland/ch-0/171.3780.106/Gogland 1.0 EAP.app
Config Path: /Users/bchatard/Library/Preferences/Gogland1.0
Work with: /Users/bchatard/Library/Preferences/Gogland1.0/options/recentProjectDirectories.xml
Raw Projects Path:
 value="$USER_HOME$/Applications/go/src/awesomeProject"
Projects Path:
/Users/bchatard/Applications/go/src/awesomeProject
	Process /Users/bchatard/Applications/go/src/awesomeProject
extractProjectName via workspace.xml
	 Project Name awesomeProject

AppPath: /Users/bchatard/Library/Application Support/JetBrains/Toolbox/apps/Gogland/ch-0/171.3780.106/Gogland 1.0 EAP.app
Config Path: /Users/bchatard/Library/Preferences/Gogland1.0
Work with: /Users/bchatard/Library/Preferences/Gogland1.0/options/recentProjectDirectories.xml
Raw Projects Path:
 value="$USER_HOME$/Applications/go/src/awesomeProject"
Projects Path:
/Users/bchatard/Applications/go/src/awesomeProject
	Process /Users/bchatard/Applications/go/src/awesomeProject
extractProjectName via workspace.xml
	 Project Name awesomeProject
	  Search 'a' in 'awesomeproject' OR 'awesomeproject'
	   founded

AppPath: /Users/bchatard/Library/Application Support/JetBrains/Toolbox/apps/Gogland/ch-0/171.3780.106/Gogland 1.0 EAP.app
Config Path: /Users/bchatard/Library/Preferences/Gogland1.0
Work with: /Users/bchatard/Library/Preferences/Gogland1.0/options/recentProjectDirectories.xml
Raw Projects Path:
 value="$USER_HOME$/Applications/go/src/awesomeProject"
Projects Path:
/Users/bchatard/Applications/go/src/awesomeProject
	Process /Users/bchatard/Applications/go/src/awesomeProject
extractProjectName via workspace.xml
	 Project Name awesomeProject
	  Search 'aa' in 'awesomeproject' OR 'awesomeproject'

