
AppPath: /Users/bchatard/Library/Application Support/JetBrains/Toolbox/apps/PhpStorm/ch-0/171.3780.104/PhpStorm.app
Config Path: /Users/bchatard/Library/Preferences/PhpStorm2017.1
Work with: /Users/bchatard/Library/Preferences/PhpStorm2017.1/options/recentProjectDirectories.xml
Raw Projects Path:
 value="$USER_HOME$/Projects/brice/jetbrains-alfred-workflow" value="$USER_HOME$/Projects/Sulky/Dev/magento" value="$USER_HOME$/Projects/SNTL/Dev/magento" value="$USER_HOME$/Projects/aYaline/Dev/magento2-modules/dataflow-manager" value="$USER_HOME$/Projects/aYaline/Dev/magento1-modules/dataflow-manager" value="$USER_HOME$/Projects/Diverti/Dev/magento2" value="$USER_HOME$/Projects/aYaline/Dev/magento2-modules/cookie-consent" value="$USER_HOME$/Projects/aYaline/Dev/magento2-modules/promotional-gift" value="$USER_HOME$/Projects/aYaline/Dev/magento2-modules/core" value="$USER_HOME$/Projects/aYaline/Dev/magento2-modules/copernica" value="$USER_HOME$/Projects/Sabre/Dev/magento" value="$USER_HOME$/Projects/Denis-Materiaux/Dev/magento" value="$USER_HOME$/Projects/aYaline/Dev/magento2-modules/frontend-authorization" value="$USER_HOME$/Projects/Connexing/Dev/magento" value="$USER_HOME$/Projects/GPDIS/Dev/magento" value="$USER_HOME$/Projects/aYaline/Dev/projeqtor/tickets" value="$USER_HOME$/Projects/Monosem/Dev/magento" value="$USER_HOME$/Projects/Diverti/Dev/magento" value="$USER_HOME$/Projects/aYaline/Dev/aiorp" value="$USER_HOME$/Projects/aYaline/Dev/gitlab-mantis" value="$USER_HOME$/Projects/aYaline/Dev/projeqtor/tickets-backend" value="$USER_HOME$/Projects/HDCZ/Dev/magento" value="$USER_HOME$/Projects/aYaline/Dev/magento2-modules/multi-cart" value="$USER_HOME$/Projects/aYaline/Dev/magento2-modules/express-order" value="$USER_HOME$/Projects/MS/Dev/GIP_Emploi_formation" value="$USER_HOME$/Projects/aYaline/Dev/acl-manager" value="$USER_HOME$/Projects/aYaline/Dev/magento2-modules/store-redirect" value="$USER_HOME$/Projects/Diverti/Dev/magento2_prod" value="$USER_HOME$/Projects/CB&amp;I" value="$USER_HOME$/Projects/aYaline/Dev/magento1-modules/customer-price" value="$USER_HOME$/Projects/brice/angular2-tuts" value="$USER_HOME$/Projects/Palais-des-Thes/Dev/magento" value="$USER_HOME$/Projects/Allbrary/Dev/magento" value="$USER_HOME$/Downloads/aYaline/Oro_Api-1.2.8.0" value="$USER_HOME$/Projects/aYaline/Dev/demo/orocrm" value="$USER_HOME$/Projects/Tourisme/Royan/Dev/otr" value="$USER_HOME$/Projects/brice/brew-update" value="$USER_HOME$/Projects/aYaline/Dev/magento1-modules/billboard" value="$USER_HOME$/Projects/aYaline/Dev/magento2-modules/billboard" value="$USER_HOME$/Projects/aYaline/Dev/magento1-modules/manage-background" value="$USER_HOME$/Projects/Tourisme/CAD22/Dev/cdt22" value="$USER_HOME$/Projects/ProtectHomS/Dev/magento" value="$USER_HOME$/Projects/Tourisme/LSDO/Dev/lsdo" value="$USER_HOME$/Projects/aYaline/Dev/magento1-modules/attached-documents" value="$USER_HOME$/Projects/Tourisme/CAD22TV/Dev/cad22tv" value="$USER_HOME$/Projects/aYaline/Dev/Sources/Magento1/1610" value="$USER_HOME$/Projects/aYaline/Dev/magento1-modules/delivery-date" value="$USER_HOME$/Projects/aYaline/Dev/Modules/max-amount" value="$USER_HOME$/Projects/Conectic-Plus/Dev/magento" value="$USER_HOME$/Projects/brice/fork/module-shipping-free"
ZZZ:
/Users/bchatard/Projects/brice/jetbrains-alfred-workflow
/Users/bchatard/Projects/Sulky/Dev/magento
/Users/bchatard/Projects/SNTL/Dev/magento
/Users/bchatard/Projects/aYaline/Dev/magento2-modules/dataflow-manager
/Users/bchatard/Projects/aYaline/Dev/magento1-modules/dataflow-manager
/Users/bchatard/Projects/Diverti/Dev/magento2
/Users/bchatard/Projects/aYaline/Dev/magento2-modules/cookie-consent
/Users/bchatard/Projects/aYaline/Dev/magento2-modules/promotional-gift
/Users/bchatard/Projects/aYaline/Dev/magento2-modules/core
/Users/bchatard/Projects/aYaline/Dev/magento2-modules/copernica
/Users/bchatard/Projects/Sabre/Dev/magento
/Users/bchatard/Projects/Denis-Materiaux/Dev/magento
/Users/bchatard/Projects/aYaline/Dev/magento2-modules/frontend-authorization
/Users/bchatard/Projects/Connexing/Dev/magento
/Users/bchatard/Projects/GPDIS/Dev/magento
/Users/bchatard/Projects/aYaline/Dev/projeqtor/tickets
/Users/bchatard/Projects/Monosem/Dev/magento
/Users/bchatard/Projects/Diverti/Dev/magento
/Users/bchatard/Projects/aYaline/Dev/aiorp
/Users/bchatard/Projects/aYaline/Dev/gitlab-mantis
/Users/bchatard/Projects/aYaline/Dev/projeqtor/tickets-backend
/Users/bchatard/Projects/HDCZ/Dev/magento
/Users/bchatard/Projects/aYaline/Dev/magento2-modules/multi-cart
/Users/bchatard/Projects/aYaline/Dev/magento2-modules/express-order
/Users/bchatard/Projects/MS/Dev/GIP_Emploi_formation
/Users/bchatard/Projects/aYaline/Dev/acl-manager
/Users/bchatard/Projects/aYaline/Dev/magento2-modules/store-redirect
/Users/bchatard/Projects/Diverti/Dev/magento2_prod
/Users/bchatard/Projects/CB&amp;I
/Users/bchatard/Projects/aYaline/Dev/magento1-modules/customer-price
/Users/bchatard/Projects/brice/angular2-tuts
/Users/bchatard/Projects/Palais-des-Thes/Dev/magento
/Users/bchatard/Projects/Allbrary/Dev/magento
/Users/bchatard/Downloads/aYaline/Oro_Api-1.2.8.0
/Users/bchatard/Projects/aYaline/Dev/demo/orocrm
/Users/bchatard/Projects/Tourisme/Royan/Dev/otr
/Users/bchatard/Projects/brice/brew-update
/Users/bchatard/Projects/aYaline/Dev/magento1-modules/billboard
/Users/bchatard/Projects/aYaline/Dev/magento2-modules/billboard
/Users/bchatard/Projects/aYaline/Dev/magento1-modules/manage-background
/Users/bchatard/Projects/Tourisme/CAD22/Dev/cdt22
/Users/bchatard/Projects/ProtectHomS/Dev/magento
/Users/bchatard/Projects/Tourisme/LSDO/Dev/lsdo
/Users/bchatard/Projects/aYaline/Dev/magento1-modules/attached-documents
/Users/bchatard/Projects/Tourisme/CAD22TV/Dev/cad22tv
/Users/bchatard/Projects/aYaline/Dev/Sources/Magento1/1610
/Users/bchatard/Projects/aYaline/Dev/magento1-modules/delivery-date
/Users/bchatard/Projects/aYaline/Dev/Modules/max-amount
/Users/bchatard/Projects/Conectic-Plus/Dev/magento
/Users/bchatard/Projects/brice/fork/module-shipping-free

Projects Path:

